<?xml version="1.0" encoding="UTF-8"?>
<!-- Generated by org.testng.reporters.JUnitXMLReporter -->
<testsuite ignored="25" hostname="DESKTOP-I8MB0R4" failures="0" tests="1" name="Default test" time="12.025" errors="0" timestamp="2025-01-03T19:44:44 EST">
  <testcase classname="registerTest.RegisterTestNGFrameWork" name="@BeforeMethod setup" time="11.927">
    <failure type="org.openqa.selenium.NoSuchWindowException" message="Browsing context has been discarded
Build info: version: &amp;apos;4.22.0&amp;apos;, revision: &amp;apos;c5f3146703&amp;apos;
System info: os.name: &amp;apos;Windows 11&amp;apos;, os.arch: &amp;apos;amd64&amp;apos;, os.version: &amp;apos;10.0&amp;apos;, java.version: &amp;apos;22.0.1&amp;apos;
Driver info: org.openqa.selenium.firefox.FirefoxDriver
Command: [40a9e4e0-4777-496d-a552-e15def294f8a, clickElement {id=e51979ba-c65b-4c52-89ce-1641c07c1130}]
Capabilities {acceptInsecureCerts: true, browserName: firefox, browserVersion: 133.0.3, moz:accessibilityChecks: false, moz:buildID: 20241209150345, moz:debuggerAddress: 127.0.0.1:42215, moz:geckodriverVersion: 0.35.0, moz:headless: false, moz:platformVersion: 10.0, moz:processID: 5636, moz:profile: C:\Users\MANUMA~1\AppData\L..., moz:shutdownTimeout: 60000, moz:webdriverClick: true, moz:windowless: false, pageLoadStrategy: normal, platformName: windows, proxy: Proxy(), se:cdp: ws://127.0.0.1:42215/devtoo..., se:cdpVersion: 85.0, setWindowRect: true, strictFileInteractability: false, timeouts: {implicit: 0, pageLoad: 300000, script: 30000}, unhandledPromptBehavior: dismiss and notify, userAgent: Mozilla/5.0 (Windows NT 10....}
Element: [[FirefoxDriver: firefox on windows (40a9e4e0-4777-496d-a552-e15def294f8a)] -&amp;gt; xpath: //span[text()=&amp;apos;My Account&amp;apos;]]
Session ID: 40a9e4e0-4777-496d-a552-e15def294f8a">
      <![CDATA[org.openqa.selenium.NoSuchWindowException: Browsing context has been discarded
Build info: version: '4.22.0', revision: 'c5f3146703'
System info: os.name: 'Windows 11', os.arch: 'amd64', os.version: '10.0', java.version: '22.0.1'
Driver info: org.openqa.selenium.firefox.FirefoxDriver
Command: [40a9e4e0-4777-496d-a552-e15def294f8a, clickElement {id=e51979ba-c65b-4c52-89ce-1641c07c1130}]
Capabilities {acceptInsecureCerts: true, browserName: firefox, browserVersion: 133.0.3, moz:accessibilityChecks: false, moz:buildID: 20241209150345, moz:debuggerAddress: 127.0.0.1:42215, moz:geckodriverVersion: 0.35.0, moz:headless: false, moz:platformVersion: 10.0, moz:processID: 5636, moz:profile: C:\Users\MANUMA~1\AppData\L..., moz:shutdownTimeout: 60000, moz:webdriverClick: true, moz:windowless: false, pageLoadStrategy: normal, platformName: windows, proxy: Proxy(), se:cdp: ws://127.0.0.1:42215/devtoo..., se:cdpVersion: 85.0, setWindowRect: true, strictFileInteractability: false, timeouts: {implicit: 0, pageLoad: 300000, script: 30000}, unhandledPromptBehavior: dismiss and notify, userAgent: Mozilla/5.0 (Windows NT 10....}
Element: [[FirefoxDriver: firefox on windows (40a9e4e0-4777-496d-a552-e15def294f8a)] -> xpath: //span[text()='My Account']]
Session ID: 40a9e4e0-4777-496d-a552-e15def294f8a
at java.base/jdk.internal.reflect.DirectConstructorHandleAccessor.newInstance(DirectConstructorHandleAccessor.java:62)
at java.base/java.lang.reflect.Constructor.newInstanceWithCaller(Constructor.java:502)
at java.base/java.lang.reflect.Constructor.newInstance(Constructor.java:486)
at org.openqa.selenium.remote.ErrorCodec.decode(ErrorCodec.java:167)
at org.openqa.selenium.remote.codec.w3c.W3CHttpResponseCodec.decode(W3CHttpResponseCodec.java:138)
at org.openqa.selenium.remote.codec.w3c.W3CHttpResponseCodec.decode(W3CHttpResponseCodec.java:50)
at org.openqa.selenium.remote.HttpCommandExecutor.execute(HttpCommandExecutor.java:190)
at org.openqa.selenium.remote.service.DriverCommandExecutor.invokeExecute(DriverCommandExecutor.java:216)
at org.openqa.selenium.remote.service.DriverCommandExecutor.execute(DriverCommandExecutor.java:174)
at org.openqa.selenium.remote.RemoteWebDriver.execute(RemoteWebDriver.java:545)
at org.openqa.selenium.remote.RemoteWebElement.execute(RemoteWebElement.java:223)
at org.openqa.selenium.remote.RemoteWebElement.click(RemoteWebElement.java:76)
at java.base/jdk.internal.reflect.DirectMethodHandleAccessor.invoke(DirectMethodHandleAccessor.java:103)
at java.base/java.lang.reflect.Method.invoke(Method.java:580)
at org.openqa.selenium.support.pagefactory.internal.LocatingElementHandler.invoke(LocatingElementHandler.java:51)
at jdk.proxy2/jdk.proxy2.$Proxy17.click(Unknown Source)
at pages.HeaderOptions.clickOnMyAccount(HeaderOptions.java:46)
at registerTest.RegisterTestNGFrameWork.setup(RegisterTestNGFrameWork.java:101)
at java.base/jdk.internal.reflect.DirectMethodHandleAccessor.invoke(DirectMethodHandleAccessor.java:103)
at java.base/java.lang.reflect.Method.invoke(Method.java:580)
at org.testng.internal.invokers.MethodInvocationHelper.invokeMethod(MethodInvocationHelper.java:141)
at org.testng.internal.invokers.MethodInvocationHelper.invokeMethodConsideringTimeout(MethodInvocationHelper.java:71)
at org.testng.internal.invokers.ConfigInvoker.invokeConfigurationMethod(ConfigInvoker.java:400)
at org.testng.internal.invokers.ConfigInvoker.invokeConfigurations(ConfigInvoker.java:333)
at org.testng.internal.invokers.TestInvoker.runConfigMethods(TestInvoker.java:833)
at org.testng.internal.invokers.TestInvoker.invokeMethod(TestInvoker.java:600)
at org.testng.internal.invokers.TestInvoker.invokeTestMethod(TestInvoker.java:230)
at org.testng.internal.invokers.MethodRunner.runInSequence(MethodRunner.java:63)
at org.testng.internal.invokers.TestInvoker$MethodInvocationAgent.invoke(TestInvoker.java:992)
at org.testng.internal.invokers.TestInvoker.invokeTestMethods(TestInvoker.java:203)
at org.testng.internal.invokers.TestMethodWorker.invokeTestMethods(TestMethodWorker.java:154)
at org.testng.internal.invokers.TestMethodWorker.run(TestMethodWorker.java:134)
at java.base/java.util.ArrayList.forEach(ArrayList.java:1597)
at org.testng.TestRunner.privateRun(TestRunner.java:739)
at org.testng.TestRunner.run(TestRunner.java:614)
at org.testng.SuiteRunner.runTest(SuiteRunner.java:421)
at org.testng.SuiteRunner.runSequentially(SuiteRunner.java:413)
at org.testng.SuiteRunner.privateRun(SuiteRunner.java:373)
at org.testng.SuiteRunner.run(SuiteRunner.java:312)
at org.testng.SuiteRunnerWorker.runSuite(SuiteRunnerWorker.java:52)
at org.testng.SuiteRunnerWorker.run(SuiteRunnerWorker.java:95)
at org.testng.TestNG.runSuitesSequentially(TestNG.java:1274)
at org.testng.TestNG.runSuitesLocally(TestNG.java:1208)
at org.testng.TestNG.runSuites(TestNG.java:1112)
at org.testng.TestNG.run(TestNG.java:1079)
at org.testng.remote.AbstractRemoteTestNG.run(AbstractRemoteTestNG.java:115)
at org.testng.remote.RemoteTestNG.initAndRun(RemoteTestNG.java:293)
at org.testng.remote.RemoteTestNG.main(RemoteTestNG.java:91)
]]>
    </failure>
  </testcase> <!-- @BeforeMethod setup -->
  <testcase classname="registerTest.RegisterTestNGFrameWork" name="@AfterMethod teardown" time="0.0">
    <skipped/>
  </testcase> <!-- @AfterMethod teardown -->
  <testcase classname="registerTest.RegisterTestNGFrameWork" name="verifyAccountUsingMandatoryDetails" time="0.0">
    <skipped/>
  </testcase> <!-- verifyAccountUsingMandatoryDetails -->
  <testcase classname="registerTest.RegisterTestNGFrameWork" name="verifyAllMandatoryFields" time="0.0">
    <ignored/>
  </testcase> <!-- verifyAllMandatoryFields -->
  <testcase classname="registerTest.RegisterTestNGFrameWork" name="verifyPasswordComplexityStandards" time="0.0">
    <ignored/>
  </testcase> <!-- verifyPasswordComplexityStandards -->
  <testcase classname="registerTest.RegisterTestNGFrameWork" name="AccountWithproperPlaceholders" time="0.0">
    <ignored/>
  </testcase> <!-- AccountWithproperPlaceholders -->
  <testcase classname="registerTest.RegisterTestNGFrameWork" name="registerUsingKeybordKeys" time="0.0">
    <ignored/>
  </testcase> <!-- registerUsingKeybordKeys -->
  <testcase classname="registerTest.RegisterTestNGFrameWork" name="verifyRegisteringAccountByNotSubscribingNewsletter" time="0.0">
    <ignored/>
  </testcase> <!-- verifyRegisteringAccountByNotSubscribingNewsletter -->
  <testcase classname="registerTest.RegisterTestNGFrameWork" name="verifyURLtitle" time="0.0">
    <ignored/>
  </testcase> <!-- verifyURLtitle -->
  <testcase classname="registerTest.RegisterTestNGFrameWork" name="verifyRegAccountPrivatePlicy" time="0.0">
    <ignored/>
  </testcase> <!-- verifyRegAccountPrivatePlicy -->
  <testcase classname="registerTest.RegisterTestNGFrameWork" name="verifyLeadingAndTrailingSpacesWhileRegistering" time="0.0">
    <ignored/>
  </testcase> <!-- verifyLeadingAndTrailingSpacesWhileRegistering -->
  <testcase classname="registerTest.RegisterTestNGFrameWork" name="newsLetterYes" time="0.0">
    <ignored/>
  </testcase> <!-- newsLetterYes -->
  <testcase classname="registerTest.RegisterTestNGFrameWork" name="verifyDifferentWaysofRegisteringAccount" time="0.0">
    <ignored/>
  </testcase> <!-- verifyDifferentWaysofRegisteringAccount -->
  <testcase classname="registerTest.RegisterTestNGFrameWork" name="Navigations" time="0.0">
    <ignored/>
  </testcase> <!-- Navigations -->
  <testcase classname="registerTest.RegisterTestNGFrameWork" name="checkWarningMessagesForFiirstname" time="0.0">
    <ignored/>
  </testcase> <!-- checkWarningMessagesForFiirstname -->
  <testcase classname="registerTest.RegisterTestNGFrameWork" name="VerifyTest" time="0.0">
    <ignored/>
  </testcase> <!-- VerifyTest -->
  <testcase classname="registerTest.RegisterTestNGFrameWork" name="VerifydifferentwaysofnavigatingtoRegisterAccountpage" time="0.0">
    <ignored/>
  </testcase> <!-- VerifydifferentwaysofnavigatingtoRegisterAccountpage -->
  <testcase classname="registerTest.RegisterTestNGFrameWork" name="RegisterAccountInAllEnvironments" time="0.0">
    <ignored/>
  </testcase> <!-- RegisterAccountInAllEnvironments -->
  <testcase classname="registerTest.RegisterTestNGFrameWork" name="PasswordFunctionToggled" time="0.0">
    <ignored/>
  </testcase> <!-- PasswordFunctionToggled -->
  <testcase classname="registerTest.RegisterTestNGFrameWork" name="verifywithoutcPassword" time="0.0">
    <ignored/>
  </testcase> <!-- verifywithoutcPassword -->
  <testcase classname="registerTest.RegisterTestNGFrameWork" name="invalidEmailAddress" time="0.0">
    <ignored/>
  </testcase> <!-- invalidEmailAddress -->
  <testcase classname="registerTest.RegisterTestNGFrameWork" name="invalidPhonenum" time="0.0">
    <ignored/>
  </testcase> <!-- invalidPhonenum -->
  <testcase classname="registerTest.RegisterTestNGFrameWork" name="registrationWithOnlySpace" time="0.0">
    <ignored/>
  </testcase> <!-- registrationWithOnlySpace -->
  <testcase classname="registerTest.RegisterTestNGFrameWork" name="verifyRegAccountbyAddingDetailsPrivatePlicy" time="0.0">
    <ignored/>
  </testcase> <!-- verifyRegAccountbyAddingDetailsPrivatePlicy -->
  <testcase classname="registerTest.RegisterTestNGFrameWork" name="CheckSuccesspage" time="0.0">
    <ignored/>
  </testcase> <!-- CheckSuccesspage -->
  <testcase classname="registerTest.RegisterTestNGFrameWork" name="verifyHtWtNumberofChar" time="0.0">
    <ignored/>
  </testcase> <!-- verifyHtWtNumberofChar -->
  <testcase classname="registerTest.RegisterTestNGFrameWork" name="uiChecklistRegisterpage" time="0.0">
    <ignored/>
  </testcase> <!-- uiChecklistRegisterpage -->
  <testcase classname="registerTest.RegisterTestNGFrameWork" name="DifferentPasswords" time="0.0">
    <ignored/>
  </testcase> <!-- DifferentPasswords -->
</testsuite> <!-- Default test -->
