<?xml version="1.0" encoding="UTF-8"?>
<!-- Generated by org.testng.reporters.JUnitXMLReporter -->
<testsuite ignored="0" hostname="DESKTOP-I8MB0R4" failures="1" tests="2" name="Test" time="15.283" errors="0" timestamp="2024-11-04T20:08:21 EST">
  <testcase classname="registerPack.TC_RF_002_SuccessPage" name="CheckSuccesspage" time="15.241"/>
  <testcase classname="registerPack.TC_RF_001" name="verifyAccountUsingMandatoryDetails" time="0.001">
    <failure type="java.lang.Error" message="Unresolved compilation problem: 
	commonUtilities cannot be resolved
">
      <![CDATA[java.lang.Error: Unresolved compilation problem: 
commonUtilities cannot be resolved

at registerPack.TC_RF_001.verifyAccountUsingMandatoryDetails(TC_RF_001.java:44)
at java.base/java.util.ArrayList.forEach(ArrayList.java:1597)
... Removed 25 stack frames]]>
    </failure>
  </testcase> <!-- verifyAccountUsingMandatoryDetails -->
</testsuite> <!-- Test -->
