<?xml version="1.0" encoding="UTF-8"?>
<testng-results ignored="0" total="1" passed="1" failed="0" skipped="0">
  <reporter-output>
  </reporter-output>
  <suite started-at="2024-11-22T19:06:09 EST" name="Default suite" finished-at="2024-11-22T19:06:24 EST" duration-ms="15047">
    <groups>
    </groups>
    <test started-at="2024-11-22T19:06:09 EST" name="Default test" finished-at="2024-11-22T19:06:24 EST" duration-ms="15047">
      <class name="registerPack.TC_RF_012_UsingKeyboardKeysRegister">
        <test-method signature="registerUsingKeybordKeys()[pri:0, instance:registerPack.TC_RF_012_UsingKeyboardKeysRegister@4985cbcb]" started-at="2024-11-22T19:06:09 EST" name="registerUsingKeybordKeys" finished-at="2024-11-22T19:06:22 EST" duration-ms="13042" status="PASS">
          <reporter-output>
          </reporter-output>
        </test-method> <!-- registerUsingKeybordKeys -->
        <test-method is-config="true" signature="tearDown()[pri:0, instance:registerPack.TC_RF_012_UsingKeyboardKeysRegister@4985cbcb]" started-at="2024-11-22T19:06:22 EST" name="tearDown" finished-at="2024-11-22T19:06:24 EST" duration-ms="1957" status="PASS">
          <reporter-output>
          </reporter-output>
        </test-method> <!-- tearDown -->
      </class> <!-- registerPack.TC_RF_012_UsingKeyboardKeysRegister -->
    </test> <!-- Default test -->
  </suite> <!-- Default suite -->
</testng-results>
