<?xml version="1.0" encoding="UTF-8"?>
<!-- Generated by org.testng.reporters.JUnitReportReporter -->
<testsuite hostname="DESKTOP-I8MB0R4" failures="0" tests="1" name="registerPack.verifyRegisterAccountInAllEnvironments" time="13.337" errors="0" timestamp="2024-12-22T19:54:01 EST" skipped="0">
  <testcase classname="registerPack.verifyRegisterAccountInAllEnvironments" name="RegisterAccountInAllEnvironments" time="13.337"/>
</testsuite> <!-- registerPack.verifyRegisterAccountInAllEnvironments -->
