<?xml version="1.0" encoding="UTF-8"?>
<!-- Generated by org.testng.reporters.JUnitReportReporter -->
<testsuite hostname="DESKTOP-I8MB0R4" failures="0" tests="1" name="registerPack.TC_RF_021_verifyAddingDataWithoutSelectingPrivatepolicy" time="12.948" errors="0" timestamp="2024-12-12T14:02:21 EST" skipped="0">
  <testcase classname="registerPack.TC_RF_021_verifyAddingDataWithoutSelectingPrivatepolicy" name="verifyRegAccountbyAddingDetailsPrivatePlicy" time="12.948"/>
</testsuite> <!-- registerPack.TC_RF_021_verifyAddingDataWithoutSelectingPrivatepolicy -->
